<?xml version="1.0" encoding="UTF-8"?>
<testsuite xmlns:xsi="http://www.w3.org/2001/XMLSchema-instance" xsi:noNamespaceSchemaLocation="https://maven.apache.org/surefire/maven-surefire-plugin/xsd/surefire-test-report.xsd" name="TestSuite" time="22.857" tests="1" errors="0" skipped="0" failures="0">
  <properties>
    <property name="sun.desktop" value="windows"/>
    <property name="awt.toolkit" value="sun.awt.windows.WToolkit"/>
    <property name="java.specification.version" value="11"/>
    <property name="sun.cpu.isalist" value="amd64"/>
    <property name="sun.jnu.encoding" value="Cp1252"/>
    <property name="java.class.path" value="D:\IdeaProjects\Shopping\target\test-classes;D:\IdeaProjects\Shopping\target\classes;D:\IdeaProjects\.m2\org\apache\poi\poi-ooxml\5.0.0\poi-ooxml-5.0.0.jar;D:\IdeaProjects\.m2\org\apache\poi\poi-ooxml-lite\5.0.0\poi-ooxml-lite-5.0.0.jar;D:\IdeaProjects\.m2\org\apache\xmlbeans\xmlbeans\4.0.0\xmlbeans-4.0.0.jar;D:\IdeaProjects\.m2\org\apache\commons\commons-compress\1.20\commons-compress-1.20.jar;D:\IdeaProjects\.m2\com\github\virtuald\curvesapi\1.06\curvesapi-1.06.jar;D:\IdeaProjects\.m2\org\bouncycastle\bcpkix-jdk15on\1.68\bcpkix-jdk15on-1.68.jar;D:\IdeaProjects\.m2\org\bouncycastle\bcprov-jdk15on\1.68\bcprov-jdk15on-1.68.jar;D:\IdeaProjects\.m2\org\apache\santuario\xmlsec\2.2.1\xmlsec-2.2.1.jar;D:\IdeaProjects\.m2\com\fasterxml\woodstox\woodstox-core\5.2.1\woodstox-core-5.2.1.jar;D:\IdeaProjects\.m2\org\codehaus\woodstox\stax2-api\4.2\stax2-api-4.2.jar;D:\IdeaProjects\.m2\jakarta\xml\bind\jakarta.xml.bind-api\2.3.2\jakarta.xml.bind-api-2.3.2.jar;D:\IdeaProjects\.m2\jakarta\activation\jakarta.activation-api\1.2.1\jakarta.activation-api-1.2.1.jar;D:\IdeaProjects\.m2\org\apache\xmlgraphics\batik-all\1.13\batik-all-1.13.jar;D:\IdeaProjects\.m2\org\apache\xmlgraphics\batik-anim\1.13\batik-anim-1.13.jar;D:\IdeaProjects\.m2\org\apache\xmlgraphics\batik-shared-resources\1.13\batik-shared-resources-1.13.jar;D:\IdeaProjects\.m2\xml-apis\xml-apis-ext\1.3.04\xml-apis-ext-1.3.04.jar;D:\IdeaProjects\.m2\org\apache\xmlgraphics\batik-awt-util\1.13\batik-awt-util-1.13.jar;D:\IdeaProjects\.m2\org\apache\xmlgraphics\xmlgraphics-commons\2.4\xmlgraphics-commons-2.4.jar;D:\IdeaProjects\.m2\org\apache\xmlgraphics\batik-bridge\1.13\batik-bridge-1.13.jar;D:\IdeaProjects\.m2\org\apache\xmlgraphics\batik-codec\1.13\batik-codec-1.13.jar;D:\IdeaProjects\.m2\org\apache\xmlgraphics\batik-constants\1.13\batik-constants-1.13.jar;D:\IdeaProjects\.m2\org\apache\xmlgraphics\batik-css\1.13\batik-css-1.13.jar;D:\IdeaProjects\.m2\org\apache\xmlgraphics\batik-dom\1.13\batik-dom-1.13.jar;D:\IdeaProjects\.m2\xml-apis\xml-apis\1.4.01\xml-apis-1.4.01.jar;D:\IdeaProjects\.m2\org\apache\xmlgraphics\batik-ext\1.13\batik-ext-1.13.jar;D:\IdeaProjects\.m2\org\apache\xmlgraphics\batik-extension\1.13\batik-extension-1.13.jar;D:\IdeaProjects\.m2\org\apache\xmlgraphics\batik-gui-util\1.13\batik-gui-util-1.13.jar;D:\IdeaProjects\.m2\org\apache\xmlgraphics\batik-gvt\1.13\batik-gvt-1.13.jar;D:\IdeaProjects\.m2\org\apache\xmlgraphics\batik-i18n\1.13\batik-i18n-1.13.jar;D:\IdeaProjects\.m2\org\apache\xmlgraphics\batik-parser\1.13\batik-parser-1.13.jar;D:\IdeaProjects\.m2\org\apache\xmlgraphics\batik-rasterizer-ext\1.13\batik-rasterizer-ext-1.13.jar;D:\IdeaProjects\.m2\org\apache\xmlgraphics\batik-rasterizer\1.13\batik-rasterizer-1.13.jar;D:\IdeaProjects\.m2\org\apache\xmlgraphics\batik-script\1.13\batik-script-1.13.jar;D:\IdeaProjects\.m2\org\apache\xmlgraphics\batik-slideshow\1.13\batik-slideshow-1.13.jar;D:\IdeaProjects\.m2\org\apache\xmlgraphics\batik-squiggle-ext\1.13\batik-squiggle-ext-1.13.jar;D:\IdeaProjects\.m2\org\apache\xmlgraphics\batik-squiggle\1.13\batik-squiggle-1.13.jar;D:\IdeaProjects\.m2\org\apache\xmlgraphics\batik-svg-dom\1.13\batik-svg-dom-1.13.jar;D:\IdeaProjects\.m2\org\apache\xmlgraphics\batik-svgbrowser\1.13\batik-svgbrowser-1.13.jar;D:\IdeaProjects\.m2\org\apache\xmlgraphics\batik-svggen\1.13\batik-svggen-1.13.jar;D:\IdeaProjects\.m2\org\apache\xmlgraphics\batik-svgpp\1.13\batik-svgpp-1.13.jar;D:\IdeaProjects\.m2\org\apache\xmlgraphics\batik-svgrasterizer\1.13\batik-svgrasterizer-1.13.jar;D:\IdeaProjects\.m2\org\apache\xmlgraphics\batik-swing\1.13\batik-swing-1.13.jar;D:\IdeaProjects\.m2\org\apache\xmlgraphics\batik-transcoder\1.13\batik-transcoder-1.13.jar;D:\IdeaProjects\.m2\org\apache\xmlgraphics\batik-util\1.13\batik-util-1.13.jar;D:\IdeaProjects\.m2\org\apache\xmlgraphics\batik-ttf2svg\1.13\batik-ttf2svg-1.13.jar;D:\IdeaProjects\.m2\org\apache\xmlgraphics\batik-xml\1.13\batik-xml-1.13.jar;D:\IdeaProjects\.m2\de\rototor\pdfbox\graphics2d\0.30\graphics2d-0.30.jar;D:\IdeaProjects\.m2\org\apache\poi\poi\5.0.0\poi-5.0.0.jar;D:\IdeaProjects\.m2\org\slf4j\slf4j-api\1.7.30\slf4j-api-1.7.30.jar;D:\IdeaProjects\.m2\org\slf4j\jcl-over-slf4j\1.7.30\jcl-over-slf4j-1.7.30.jar;D:\IdeaProjects\.m2\commons-codec\commons-codec\1.15\commons-codec-1.15.jar;D:\IdeaProjects\.m2\org\apache\commons\commons-collections4\4.4\commons-collections4-4.4.jar;D:\IdeaProjects\.m2\org\apache\commons\commons-math3\3.6.1\commons-math3-3.6.1.jar;D:\IdeaProjects\.m2\com\zaxxer\SparseBitSet\1.2\SparseBitSet-1.2.jar;D:\IdeaProjects\.m2\org\apache\pdfbox\pdfbox\2.0.22\pdfbox-2.0.22.jar;D:\IdeaProjects\.m2\org\apache\pdfbox\fontbox\2.0.22\fontbox-2.0.22.jar;D:\IdeaProjects\.m2\commons-logging\commons-logging\1.2\commons-logging-1.2.jar;D:\IdeaProjects\.m2\org\seleniumhq\selenium\htmlunit-driver\2.47.1\htmlunit-driver-2.47.1.jar;D:\IdeaProjects\.m2\org\seleniumhq\selenium\selenium-api\3.141.59\selenium-api-3.141.59.jar;D:\IdeaProjects\.m2\org\seleniumhq\selenium\selenium-support\3.141.59\selenium-support-3.141.59.jar;D:\IdeaProjects\.m2\net\sourceforge\htmlunit\htmlunit\2.47.1\htmlunit-2.47.1.jar;D:\IdeaProjects\.m2\xalan\xalan\2.7.2\xalan-2.7.2.jar;D:\IdeaProjects\.m2\xalan\serializer\2.7.2\serializer-2.7.2.jar;D:\IdeaProjects\.m2\org\apache\commons\commons-lang3\3.11\commons-lang3-3.11.jar;D:\IdeaProjects\.m2\org\apache\commons\commons-text\1.9\commons-text-1.9.jar;D:\IdeaProjects\.m2\org\apache\httpcomponents\httpmime\4.5.13\httpmime-4.5.13.jar;D:\IdeaProjects\.m2\org\apache\httpcomponents\httpclient\4.5.13\httpclient-4.5.13.jar;D:\IdeaProjects\.m2\org\apache\httpcomponents\httpcore\4.4.13\httpcore-4.4.13.jar;D:\IdeaProjects\.m2\net\sourceforge\htmlunit\htmlunit-core-js\2.47.0\htmlunit-core-js-2.47.0.jar;D:\IdeaProjects\.m2\net\sourceforge\htmlunit\neko-htmlunit\2.47.1\neko-htmlunit-2.47.1.jar;D:\IdeaProjects\.m2\xerces\xercesImpl\2.12.0\xercesImpl-2.12.0.jar;D:\IdeaProjects\.m2\net\sourceforge\htmlunit\htmlunit-cssparser\1.7.0\htmlunit-cssparser-1.7.0.jar;D:\IdeaProjects\.m2\commons-io\commons-io\2.8.0\commons-io-2.8.0.jar;D:\IdeaProjects\.m2\commons-net\commons-net\3.7.2\commons-net-3.7.2.jar;D:\IdeaProjects\.m2\org\brotli\dec\0.1.2\dec-0.1.2.jar;D:\IdeaProjects\.m2\com\shapesecurity\salvation2\3.0.0\salvation2-3.0.0.jar;D:\IdeaProjects\.m2\org\eclipse\jetty\websocket\websocket-client\9.4.36.v20210114\websocket-client-9.4.36.v20210114.jar;D:\IdeaProjects\.m2\org\eclipse\jetty\jetty-client\9.4.36.v20210114\jetty-client-9.4.36.v20210114.jar;D:\IdeaProjects\.m2\org\eclipse\jetty\jetty-http\9.4.36.v20210114\jetty-http-9.4.36.v20210114.jar;D:\IdeaProjects\.m2\org\eclipse\jetty\jetty-util\9.4.36.v20210114\jetty-util-9.4.36.v20210114.jar;D:\IdeaProjects\.m2\org\eclipse\jetty\jetty-io\9.4.36.v20210114\jetty-io-9.4.36.v20210114.jar;D:\IdeaProjects\.m2\org\eclipse\jetty\websocket\websocket-common\9.4.36.v20210114\websocket-common-9.4.36.v20210114.jar;D:\IdeaProjects\.m2\org\eclipse\jetty\websocket\websocket-api\9.4.36.v20210114\websocket-api-9.4.36.v20210114.jar;D:\IdeaProjects\.m2\org\apache\logging\log4j\log4j-core\2.14.0\log4j-core-2.14.0.jar;D:\IdeaProjects\.m2\org\apache\logging\log4j\log4j-api\2.14.0\log4j-api-2.14.0.jar;D:\IdeaProjects\.m2\junit\junit\4.13.1\junit-4.13.1.jar;D:\IdeaProjects\.m2\org\hamcrest\hamcrest-core\1.3\hamcrest-core-1.3.jar;D:\IdeaProjects\.m2\mysql\mysql-connector-java\8.0.23\mysql-connector-java-8.0.23.jar;D:\IdeaProjects\.m2\com\google\protobuf\protobuf-java\3.11.4\protobuf-java-3.11.4.jar;D:\IdeaProjects\.m2\org\seleniumhq\selenium\selenium-java\3.141.59\selenium-java-3.141.59.jar;D:\IdeaProjects\.m2\org\seleniumhq\selenium\selenium-chrome-driver\3.141.59\selenium-chrome-driver-3.141.59.jar;D:\IdeaProjects\.m2\org\seleniumhq\selenium\selenium-edge-driver\3.141.59\selenium-edge-driver-3.141.59.jar;D:\IdeaProjects\.m2\org\seleniumhq\selenium\selenium-firefox-driver\3.141.59\selenium-firefox-driver-3.141.59.jar;D:\IdeaProjects\.m2\org\seleniumhq\selenium\selenium-ie-driver\3.141.59\selenium-ie-driver-3.141.59.jar;D:\IdeaProjects\.m2\org\seleniumhq\selenium\selenium-opera-driver\3.141.59\selenium-opera-driver-3.141.59.jar;D:\IdeaProjects\.m2\org\seleniumhq\selenium\selenium-remote-driver\3.141.59\selenium-remote-driver-3.141.59.jar;D:\IdeaProjects\.m2\org\seleniumhq\selenium\selenium-safari-driver\3.141.59\selenium-safari-driver-3.141.59.jar;D:\IdeaProjects\.m2\net\bytebuddy\byte-buddy\1.8.15\byte-buddy-1.8.15.jar;D:\IdeaProjects\.m2\org\apache\commons\commons-exec\1.3\commons-exec-1.3.jar;D:\IdeaProjects\.m2\com\google\guava\guava\25.0-jre\guava-25.0-jre.jar;D:\IdeaProjects\.m2\com\google\code\findbugs\jsr305\1.3.9\jsr305-1.3.9.jar;D:\IdeaProjects\.m2\org\checkerframework\checker-compat-qual\2.0.0\checker-compat-qual-2.0.0.jar;D:\IdeaProjects\.m2\com\google\errorprone\error_prone_annotations\2.1.3\error_prone_annotations-2.1.3.jar;D:\IdeaProjects\.m2\com\google\j2objc\j2objc-annotations\1.1\j2objc-annotations-1.1.jar;D:\IdeaProjects\.m2\org\codehaus\mojo\animal-sniffer-annotations\1.14\animal-sniffer-annotations-1.14.jar;D:\IdeaProjects\.m2\com\squareup\okhttp3\okhttp\3.11.0\okhttp-3.11.0.jar;D:\IdeaProjects\.m2\com\squareup\okio\okio\1.14.0\okio-1.14.0.jar;D:\IdeaProjects\.m2\org\testng\testng\7.4.0\testng-7.4.0.jar;D:\IdeaProjects\.m2\com\beust\jcommander\1.78\jcommander-1.78.jar;D:\IdeaProjects\.m2\org\webjars\jquery\3.5.1\jquery-3.5.1.jar;D:\IdeaProjects\.m2\org\apache\maven\plugins\maven-compiler-plugin\3.8.1\maven-compiler-plugin-3.8.1.jar;D:\IdeaProjects\.m2\org\apache\maven\maven-plugin-api\3.0\maven-plugin-api-3.0.jar;D:\IdeaProjects\.m2\org\apache\maven\maven-model\3.0\maven-model-3.0.jar;D:\IdeaProjects\.m2\org\sonatype\sisu\sisu-inject-plexus\1.4.2\sisu-inject-plexus-1.4.2.jar;D:\IdeaProjects\.m2\org\sonatype\sisu\sisu-inject-bean\1.4.2\sisu-inject-bean-1.4.2.jar;D:\IdeaProjects\.m2\org\sonatype\sisu\sisu-guice\2.1.7\sisu-guice-2.1.7-noaop.jar;D:\IdeaProjects\.m2\org\apache\maven\maven-artifact\3.0\maven-artifact-3.0.jar;D:\IdeaProjects\.m2\org\codehaus\plexus\plexus-utils\2.0.4\plexus-utils-2.0.4.jar;D:\IdeaProjects\.m2\org\apache\maven\maven-core\3.0\maven-core-3.0.jar;D:\IdeaProjects\.m2\org\apache\maven\maven-settings\3.0\maven-settings-3.0.jar;D:\IdeaProjects\.m2\org\apache\maven\maven-settings-builder\3.0\maven-settings-builder-3.0.jar;D:\IdeaProjects\.m2\org\apache\maven\maven-repository-metadata\3.0\maven-repository-metadata-3.0.jar;D:\IdeaProjects\.m2\org\apache\maven\maven-model-builder\3.0\maven-model-builder-3.0.jar;D:\IdeaProjects\.m2\org\apache\maven\maven-aether-provider\3.0\maven-aether-provider-3.0.jar;D:\IdeaProjects\.m2\org\sonatype\aether\aether-impl\1.7\aether-impl-1.7.jar;D:\IdeaProjects\.m2\org\sonatype\aether\aether-spi\1.7\aether-spi-1.7.jar;D:\IdeaProjects\.m2\org\sonatype\aether\aether-api\1.7\aether-api-1.7.jar;D:\IdeaProjects\.m2\org\sonatype\aether\aether-util\1.7\aether-util-1.7.jar;D:\IdeaProjects\.m2\org\codehaus\plexus\plexus-interpolation\1.14\plexus-interpolation-1.14.jar;D:\IdeaProjects\.m2\org\codehaus\plexus\plexus-classworlds\2.2.3\plexus-classworlds-2.2.3.jar;D:\IdeaProjects\.m2\org\codehaus\plexus\plexus-component-annotations\1.5.5\plexus-component-annotations-1.5.5.jar;D:\IdeaProjects\.m2\org\sonatype\plexus\plexus-sec-dispatcher\1.3\plexus-sec-dispatcher-1.3.jar;D:\IdeaProjects\.m2\org\sonatype\plexus\plexus-cipher\1.4\plexus-cipher-1.4.jar;D:\IdeaProjects\.m2\org\apache\maven\shared\maven-shared-utils\3.2.1\maven-shared-utils-3.2.1.jar;D:\IdeaProjects\.m2\org\apache\maven\shared\maven-shared-incremental\1.1\maven-shared-incremental-1.1.jar;D:\IdeaProjects\.m2\org\codehaus\plexus\plexus-java\0.9.10\plexus-java-0.9.10.jar;D:\IdeaProjects\.m2\org\ow2\asm\asm\6.2\asm-6.2.jar;D:\IdeaProjects\.m2\com\thoughtworks\qdox\qdox\2.0-M8\qdox-2.0-M8.jar;D:\IdeaProjects\.m2\org\codehaus\plexus\plexus-compiler-api\2.8.4\plexus-compiler-api-2.8.4.jar;D:\IdeaProjects\.m2\org\codehaus\plexus\plexus-compiler-manager\2.8.4\plexus-compiler-manager-2.8.4.jar;D:\IdeaProjects\.m2\org\codehaus\plexus\plexus-compiler-javac\2.8.4\plexus-compiler-javac-2.8.4.jar;"/>
    <property name="java.vm.vendor" value="Oracle Corporation"/>
    <property name="sun.arch.data.model" value="64"/>
    <property name="user.variant" value=""/>
    <property name="java.vendor.url" value="https://openjdk.java.net/"/>
    <property name="user.timezone" value="Asia/Calcutta"/>
    <property name="java.vm.specification.version" value="11"/>
    <property name="os.name" value="Windows 10"/>
    <property name="sun.java.launcher" value="SUN_STANDARD"/>
    <property name="user.country" value="IN"/>
    <property name="sun.boot.library.path" value="C:\Program Files\Java\jdk-11.0.10\bin"/>
    <property name="sun.java.command" value="C:\Users\Jitendra\AppData\Local\Temp\surefire318074211403819220\surefirebooter1618008645355514111.jar C:\Users\Jitendra\AppData\Local\Temp\surefire318074211403819220 2021-03-26T14-09-40_282-jvmRun1 surefire7513425993176712883tmp surefire_08609485796233400011tmp"/>
    <property name="jdk.debug" value="release"/>
    <property name="surefire.test.class.path" value="D:\IdeaProjects\Shopping\target\test-classes;D:\IdeaProjects\Shopping\target\classes;D:\IdeaProjects\.m2\org\apache\poi\poi-ooxml\5.0.0\poi-ooxml-5.0.0.jar;D:\IdeaProjects\.m2\org\apache\poi\poi-ooxml-lite\5.0.0\poi-ooxml-lite-5.0.0.jar;D:\IdeaProjects\.m2\org\apache\xmlbeans\xmlbeans\4.0.0\xmlbeans-4.0.0.jar;D:\IdeaProjects\.m2\org\apache\commons\commons-compress\1.20\commons-compress-1.20.jar;D:\IdeaProjects\.m2\com\github\virtuald\curvesapi\1.06\curvesapi-1.06.jar;D:\IdeaProjects\.m2\org\bouncycastle\bcpkix-jdk15on\1.68\bcpkix-jdk15on-1.68.jar;D:\IdeaProjects\.m2\org\bouncycastle\bcprov-jdk15on\1.68\bcprov-jdk15on-1.68.jar;D:\IdeaProjects\.m2\org\apache\santuario\xmlsec\2.2.1\xmlsec-2.2.1.jar;D:\IdeaProjects\.m2\com\fasterxml\woodstox\woodstox-core\5.2.1\woodstox-core-5.2.1.jar;D:\IdeaProjects\.m2\org\codehaus\woodstox\stax2-api\4.2\stax2-api-4.2.jar;D:\IdeaProjects\.m2\jakarta\xml\bind\jakarta.xml.bind-api\2.3.2\jakarta.xml.bind-api-2.3.2.jar;D:\IdeaProjects\.m2\jakarta\activation\jakarta.activation-api\1.2.1\jakarta.activation-api-1.2.1.jar;D:\IdeaProjects\.m2\org\apache\xmlgraphics\batik-all\1.13\batik-all-1.13.jar;D:\IdeaProjects\.m2\org\apache\xmlgraphics\batik-anim\1.13\batik-anim-1.13.jar;D:\IdeaProjects\.m2\org\apache\xmlgraphics\batik-shared-resources\1.13\batik-shared-resources-1.13.jar;D:\IdeaProjects\.m2\xml-apis\xml-apis-ext\1.3.04\xml-apis-ext-1.3.04.jar;D:\IdeaProjects\.m2\org\apache\xmlgraphics\batik-awt-util\1.13\batik-awt-util-1.13.jar;D:\IdeaProjects\.m2\org\apache\xmlgraphics\xmlgraphics-commons\2.4\xmlgraphics-commons-2.4.jar;D:\IdeaProjects\.m2\org\apache\xmlgraphics\batik-bridge\1.13\batik-bridge-1.13.jar;D:\IdeaProjects\.m2\org\apache\xmlgraphics\batik-codec\1.13\batik-codec-1.13.jar;D:\IdeaProjects\.m2\org\apache\xmlgraphics\batik-constants\1.13\batik-constants-1.13.jar;D:\IdeaProjects\.m2\org\apache\xmlgraphics\batik-css\1.13\batik-css-1.13.jar;D:\IdeaProjects\.m2\org\apache\xmlgraphics\batik-dom\1.13\batik-dom-1.13.jar;D:\IdeaProjects\.m2\xml-apis\xml-apis\1.4.01\xml-apis-1.4.01.jar;D:\IdeaProjects\.m2\org\apache\xmlgraphics\batik-ext\1.13\batik-ext-1.13.jar;D:\IdeaProjects\.m2\org\apache\xmlgraphics\batik-extension\1.13\batik-extension-1.13.jar;D:\IdeaProjects\.m2\org\apache\xmlgraphics\batik-gui-util\1.13\batik-gui-util-1.13.jar;D:\IdeaProjects\.m2\org\apache\xmlgraphics\batik-gvt\1.13\batik-gvt-1.13.jar;D:\IdeaProjects\.m2\org\apache\xmlgraphics\batik-i18n\1.13\batik-i18n-1.13.jar;D:\IdeaProjects\.m2\org\apache\xmlgraphics\batik-parser\1.13\batik-parser-1.13.jar;D:\IdeaProjects\.m2\org\apache\xmlgraphics\batik-rasterizer-ext\1.13\batik-rasterizer-ext-1.13.jar;D:\IdeaProjects\.m2\org\apache\xmlgraphics\batik-rasterizer\1.13\batik-rasterizer-1.13.jar;D:\IdeaProjects\.m2\org\apache\xmlgraphics\batik-script\1.13\batik-script-1.13.jar;D:\IdeaProjects\.m2\org\apache\xmlgraphics\batik-slideshow\1.13\batik-slideshow-1.13.jar;D:\IdeaProjects\.m2\org\apache\xmlgraphics\batik-squiggle-ext\1.13\batik-squiggle-ext-1.13.jar;D:\IdeaProjects\.m2\org\apache\xmlgraphics\batik-squiggle\1.13\batik-squiggle-1.13.jar;D:\IdeaProjects\.m2\org\apache\xmlgraphics\batik-svg-dom\1.13\batik-svg-dom-1.13.jar;D:\IdeaProjects\.m2\org\apache\xmlgraphics\batik-svgbrowser\1.13\batik-svgbrowser-1.13.jar;D:\IdeaProjects\.m2\org\apache\xmlgraphics\batik-svggen\1.13\batik-svggen-1.13.jar;D:\IdeaProjects\.m2\org\apache\xmlgraphics\batik-svgpp\1.13\batik-svgpp-1.13.jar;D:\IdeaProjects\.m2\org\apache\xmlgraphics\batik-svgrasterizer\1.13\batik-svgrasterizer-1.13.jar;D:\IdeaProjects\.m2\org\apache\xmlgraphics\batik-swing\1.13\batik-swing-1.13.jar;D:\IdeaProjects\.m2\org\apache\xmlgraphics\batik-transcoder\1.13\batik-transcoder-1.13.jar;D:\IdeaProjects\.m2\org\apache\xmlgraphics\batik-util\1.13\batik-util-1.13.jar;D:\IdeaProjects\.m2\org\apache\xmlgraphics\batik-ttf2svg\1.13\batik-ttf2svg-1.13.jar;D:\IdeaProjects\.m2\org\apache\xmlgraphics\batik-xml\1.13\batik-xml-1.13.jar;D:\IdeaProjects\.m2\de\rototor\pdfbox\graphics2d\0.30\graphics2d-0.30.jar;D:\IdeaProjects\.m2\org\apache\poi\poi\5.0.0\poi-5.0.0.jar;D:\IdeaProjects\.m2\org\slf4j\slf4j-api\1.7.30\slf4j-api-1.7.30.jar;D:\IdeaProjects\.m2\org\slf4j\jcl-over-slf4j\1.7.30\jcl-over-slf4j-1.7.30.jar;D:\IdeaProjects\.m2\commons-codec\commons-codec\1.15\commons-codec-1.15.jar;D:\IdeaProjects\.m2\org\apache\commons\commons-collections4\4.4\commons-collections4-4.4.jar;D:\IdeaProjects\.m2\org\apache\commons\commons-math3\3.6.1\commons-math3-3.6.1.jar;D:\IdeaProjects\.m2\com\zaxxer\SparseBitSet\1.2\SparseBitSet-1.2.jar;D:\IdeaProjects\.m2\org\apache\pdfbox\pdfbox\2.0.22\pdfbox-2.0.22.jar;D:\IdeaProjects\.m2\org\apache\pdfbox\fontbox\2.0.22\fontbox-2.0.22.jar;D:\IdeaProjects\.m2\commons-logging\commons-logging\1.2\commons-logging-1.2.jar;D:\IdeaProjects\.m2\org\seleniumhq\selenium\htmlunit-driver\2.47.1\htmlunit-driver-2.47.1.jar;D:\IdeaProjects\.m2\org\seleniumhq\selenium\selenium-api\3.141.59\selenium-api-3.141.59.jar;D:\IdeaProjects\.m2\org\seleniumhq\selenium\selenium-support\3.141.59\selenium-support-3.141.59.jar;D:\IdeaProjects\.m2\net\sourceforge\htmlunit\htmlunit\2.47.1\htmlunit-2.47.1.jar;D:\IdeaProjects\.m2\xalan\xalan\2.7.2\xalan-2.7.2.jar;D:\IdeaProjects\.m2\xalan\serializer\2.7.2\serializer-2.7.2.jar;D:\IdeaProjects\.m2\org\apache\commons\commons-lang3\3.11\commons-lang3-3.11.jar;D:\IdeaProjects\.m2\org\apache\commons\commons-text\1.9\commons-text-1.9.jar;D:\IdeaProjects\.m2\org\apache\httpcomponents\httpmime\4.5.13\httpmime-4.5.13.jar;D:\IdeaProjects\.m2\org\apache\httpcomponents\httpclient\4.5.13\httpclient-4.5.13.jar;D:\IdeaProjects\.m2\org\apache\httpcomponents\httpcore\4.4.13\httpcore-4.4.13.jar;D:\IdeaProjects\.m2\net\sourceforge\htmlunit\htmlunit-core-js\2.47.0\htmlunit-core-js-2.47.0.jar;D:\IdeaProjects\.m2\net\sourceforge\htmlunit\neko-htmlunit\2.47.1\neko-htmlunit-2.47.1.jar;D:\IdeaProjects\.m2\xerces\xercesImpl\2.12.0\xercesImpl-2.12.0.jar;D:\IdeaProjects\.m2\net\sourceforge\htmlunit\htmlunit-cssparser\1.7.0\htmlunit-cssparser-1.7.0.jar;D:\IdeaProjects\.m2\commons-io\commons-io\2.8.0\commons-io-2.8.0.jar;D:\IdeaProjects\.m2\commons-net\commons-net\3.7.2\commons-net-3.7.2.jar;D:\IdeaProjects\.m2\org\brotli\dec\0.1.2\dec-0.1.2.jar;D:\IdeaProjects\.m2\com\shapesecurity\salvation2\3.0.0\salvation2-3.0.0.jar;D:\IdeaProjects\.m2\org\eclipse\jetty\websocket\websocket-client\9.4.36.v20210114\websocket-client-9.4.36.v20210114.jar;D:\IdeaProjects\.m2\org\eclipse\jetty\jetty-client\9.4.36.v20210114\jetty-client-9.4.36.v20210114.jar;D:\IdeaProjects\.m2\org\eclipse\jetty\jetty-http\9.4.36.v20210114\jetty-http-9.4.36.v20210114.jar;D:\IdeaProjects\.m2\org\eclipse\jetty\jetty-util\9.4.36.v20210114\jetty-util-9.4.36.v20210114.jar;D:\IdeaProjects\.m2\org\eclipse\jetty\jetty-io\9.4.36.v20210114\jetty-io-9.4.36.v20210114.jar;D:\IdeaProjects\.m2\org\eclipse\jetty\websocket\websocket-common\9.4.36.v20210114\websocket-common-9.4.36.v20210114.jar;D:\IdeaProjects\.m2\org\eclipse\jetty\websocket\websocket-api\9.4.36.v20210114\websocket-api-9.4.36.v20210114.jar;D:\IdeaProjects\.m2\org\apache\logging\log4j\log4j-core\2.14.0\log4j-core-2.14.0.jar;D:\IdeaProjects\.m2\org\apache\logging\log4j\log4j-api\2.14.0\log4j-api-2.14.0.jar;D:\IdeaProjects\.m2\junit\junit\4.13.1\junit-4.13.1.jar;D:\IdeaProjects\.m2\org\hamcrest\hamcrest-core\1.3\hamcrest-core-1.3.jar;D:\IdeaProjects\.m2\mysql\mysql-connector-java\8.0.23\mysql-connector-java-8.0.23.jar;D:\IdeaProjects\.m2\com\google\protobuf\protobuf-java\3.11.4\protobuf-java-3.11.4.jar;D:\IdeaProjects\.m2\org\seleniumhq\selenium\selenium-java\3.141.59\selenium-java-3.141.59.jar;D:\IdeaProjects\.m2\org\seleniumhq\selenium\selenium-chrome-driver\3.141.59\selenium-chrome-driver-3.141.59.jar;D:\IdeaProjects\.m2\org\seleniumhq\selenium\selenium-edge-driver\3.141.59\selenium-edge-driver-3.141.59.jar;D:\IdeaProjects\.m2\org\seleniumhq\selenium\selenium-firefox-driver\3.141.59\selenium-firefox-driver-3.141.59.jar;D:\IdeaProjects\.m2\org\seleniumhq\selenium\selenium-ie-driver\3.141.59\selenium-ie-driver-3.141.59.jar;D:\IdeaProjects\.m2\org\seleniumhq\selenium\selenium-opera-driver\3.141.59\selenium-opera-driver-3.141.59.jar;D:\IdeaProjects\.m2\org\seleniumhq\selenium\selenium-remote-driver\3.141.59\selenium-remote-driver-3.141.59.jar;D:\IdeaProjects\.m2\org\seleniumhq\selenium\selenium-safari-driver\3.141.59\selenium-safari-driver-3.141.59.jar;D:\IdeaProjects\.m2\net\bytebuddy\byte-buddy\1.8.15\byte-buddy-1.8.15.jar;D:\IdeaProjects\.m2\org\apache\commons\commons-exec\1.3\commons-exec-1.3.jar;D:\IdeaProjects\.m2\com\google\guava\guava\25.0-jre\guava-25.0-jre.jar;D:\IdeaProjects\.m2\com\google\code\findbugs\jsr305\1.3.9\jsr305-1.3.9.jar;D:\IdeaProjects\.m2\org\checkerframework\checker-compat-qual\2.0.0\checker-compat-qual-2.0.0.jar;D:\IdeaProjects\.m2\com\google\errorprone\error_prone_annotations\2.1.3\error_prone_annotations-2.1.3.jar;D:\IdeaProjects\.m2\com\google\j2objc\j2objc-annotations\1.1\j2objc-annotations-1.1.jar;D:\IdeaProjects\.m2\org\codehaus\mojo\animal-sniffer-annotations\1.14\animal-sniffer-annotations-1.14.jar;D:\IdeaProjects\.m2\com\squareup\okhttp3\okhttp\3.11.0\okhttp-3.11.0.jar;D:\IdeaProjects\.m2\com\squareup\okio\okio\1.14.0\okio-1.14.0.jar;D:\IdeaProjects\.m2\org\testng\testng\7.4.0\testng-7.4.0.jar;D:\IdeaProjects\.m2\com\beust\jcommander\1.78\jcommander-1.78.jar;D:\IdeaProjects\.m2\org\webjars\jquery\3.5.1\jquery-3.5.1.jar;D:\IdeaProjects\.m2\org\apache\maven\plugins\maven-compiler-plugin\3.8.1\maven-compiler-plugin-3.8.1.jar;D:\IdeaProjects\.m2\org\apache\maven\maven-plugin-api\3.0\maven-plugin-api-3.0.jar;D:\IdeaProjects\.m2\org\apache\maven\maven-model\3.0\maven-model-3.0.jar;D:\IdeaProjects\.m2\org\sonatype\sisu\sisu-inject-plexus\1.4.2\sisu-inject-plexus-1.4.2.jar;D:\IdeaProjects\.m2\org\sonatype\sisu\sisu-inject-bean\1.4.2\sisu-inject-bean-1.4.2.jar;D:\IdeaProjects\.m2\org\sonatype\sisu\sisu-guice\2.1.7\sisu-guice-2.1.7-noaop.jar;D:\IdeaProjects\.m2\org\apache\maven\maven-artifact\3.0\maven-artifact-3.0.jar;D:\IdeaProjects\.m2\org\codehaus\plexus\plexus-utils\2.0.4\plexus-utils-2.0.4.jar;D:\IdeaProjects\.m2\org\apache\maven\maven-core\3.0\maven-core-3.0.jar;D:\IdeaProjects\.m2\org\apache\maven\maven-settings\3.0\maven-settings-3.0.jar;D:\IdeaProjects\.m2\org\apache\maven\maven-settings-builder\3.0\maven-settings-builder-3.0.jar;D:\IdeaProjects\.m2\org\apache\maven\maven-repository-metadata\3.0\maven-repository-metadata-3.0.jar;D:\IdeaProjects\.m2\org\apache\maven\maven-model-builder\3.0\maven-model-builder-3.0.jar;D:\IdeaProjects\.m2\org\apache\maven\maven-aether-provider\3.0\maven-aether-provider-3.0.jar;D:\IdeaProjects\.m2\org\sonatype\aether\aether-impl\1.7\aether-impl-1.7.jar;D:\IdeaProjects\.m2\org\sonatype\aether\aether-spi\1.7\aether-spi-1.7.jar;D:\IdeaProjects\.m2\org\sonatype\aether\aether-api\1.7\aether-api-1.7.jar;D:\IdeaProjects\.m2\org\sonatype\aether\aether-util\1.7\aether-util-1.7.jar;D:\IdeaProjects\.m2\org\codehaus\plexus\plexus-interpolation\1.14\plexus-interpolation-1.14.jar;D:\IdeaProjects\.m2\org\codehaus\plexus\plexus-classworlds\2.2.3\plexus-classworlds-2.2.3.jar;D:\IdeaProjects\.m2\org\codehaus\plexus\plexus-component-annotations\1.5.5\plexus-component-annotations-1.5.5.jar;D:\IdeaProjects\.m2\org\sonatype\plexus\plexus-sec-dispatcher\1.3\plexus-sec-dispatcher-1.3.jar;D:\IdeaProjects\.m2\org\sonatype\plexus\plexus-cipher\1.4\plexus-cipher-1.4.jar;D:\IdeaProjects\.m2\org\apache\maven\shared\maven-shared-utils\3.2.1\maven-shared-utils-3.2.1.jar;D:\IdeaProjects\.m2\org\apache\maven\shared\maven-shared-incremental\1.1\maven-shared-incremental-1.1.jar;D:\IdeaProjects\.m2\org\codehaus\plexus\plexus-java\0.9.10\plexus-java-0.9.10.jar;D:\IdeaProjects\.m2\org\ow2\asm\asm\6.2\asm-6.2.jar;D:\IdeaProjects\.m2\com\thoughtworks\qdox\qdox\2.0-M8\qdox-2.0-M8.jar;D:\IdeaProjects\.m2\org\codehaus\plexus\plexus-compiler-api\2.8.4\plexus-compiler-api-2.8.4.jar;D:\IdeaProjects\.m2\org\codehaus\plexus\plexus-compiler-manager\2.8.4\plexus-compiler-manager-2.8.4.jar;D:\IdeaProjects\.m2\org\codehaus\plexus\plexus-compiler-javac\2.8.4\plexus-compiler-javac-2.8.4.jar;"/>
    <property name="sun.cpu.endian" value="little"/>
    <property name="user.home" value="C:\Users\Jitendra"/>
    <property name="user.language" value="en"/>
    <property name="java.specification.vendor" value="Oracle Corporation"/>
    <property name="java.version.date" value="2021-01-19"/>
    <property name="java.home" value="C:\Program Files\Java\jdk-11.0.10"/>
    <property name="file.separator" value="\"/>
    <property name="basedir" value="D:\IdeaProjects\Shopping"/>
    <property name="java.vm.compressedOopsMode" value="32-bit"/>
    <property name="line.separator" value="&#10;"/>
    <property name="java.specification.name" value="Java Platform API Specification"/>
    <property name="java.vm.specification.vendor" value="Oracle Corporation"/>
    <property name="java.awt.graphicsenv" value="sun.awt.Win32GraphicsEnvironment"/>
    <property name="surefire.real.class.path" value="C:\Users\Jitendra\AppData\Local\Temp\surefire318074211403819220\surefirebooter1618008645355514111.jar"/>
    <property name="user.script" value=""/>
    <property name="sun.management.compiler" value="HotSpot 64-Bit Tiered Compilers"/>
    <property name="java.runtime.version" value="11.0.10+8-LTS-162"/>
    <property name="user.name" value="Jitendra"/>
    <property name="path.separator" value=";"/>
    <property name="os.version" value="10.0"/>
    <property name="java.runtime.name" value="Java(TM) SE Runtime Environment"/>
    <property name="file.encoding" value="Cp1252"/>
    <property name="java.vm.name" value="Java HotSpot(TM) 64-Bit Server VM"/>
    <property name="java.vendor.version" value="18.9"/>
    <property name="localRepository" value="D:\IdeaProjects\.m2"/>
    <property name="java.vendor.url.bug" value="https://bugreport.java.com/bugreport/"/>
    <property name="java.io.tmpdir" value="C:\Users\Jitendra\AppData\Local\Temp\"/>
    <property name="java.version" value="11.0.10"/>
    <property name="user.dir" value="D:\IdeaProjects\Shopping"/>
    <property name="os.arch" value="amd64"/>
    <property name="java.vm.specification.name" value="Java Virtual Machine Specification"/>
    <property name="java.awt.printerjob" value="sun.awt.windows.WPrinterJob"/>
    <property name="sun.os.patch.level" value=""/>
    <property name="java.library.path" value="C:\Program Files\Java\jdk-11.0.10\bin;C:\Windows\Sun\Java\bin;C:\Windows\system32;C:\Windows;C:\Users\Jitendra\bin;C:\Program Files\Git\mingw64\bin;C:\Program Files\Git\usr\local\bin;C:\Program Files\Git\usr\bin;C:\Program Files\Git\usr\bin;C:\Program Files\Git\mingw64\bin;C:\Program Files\Git\usr\bin;C:\Users\Jitendra\bin;C:\Program Files\Common Files\Oracle\Java\javapath;C:\Windows\system32;C:\Windows;C:\Windows\System32\Wbem;C:\Windows\System32\WindowsPowerShell\v1.0;C:\Windows\System32\OpenSSH;C:\Users\Jitendra\AppData\Local\Microsoft\WindowsApps;C:\adb;C:\Program Files\Java\jdk-11.0.10\bin;D:\Tools_Configuration\apache-maven-3.6.3\bin;C:\Program Files\Git\cmd;C:\Program Files\MySQL\MySQL Shell 8.0\bin;C:\Users\Jitendra\AppData\Local\Microsoft\WindowsApps;C:\Program Files\Git\usr\bin\vendor_perl;C:\Program Files\Git\usr\bin\core_perl;."/>
    <property name="java.vendor" value="Oracle Corporation"/>
    <property name="java.vm.info" value="mixed mode"/>
    <property name="java.vm.version" value="11.0.10+8-LTS-162"/>
    <property name="sun.io.unicode.encoding" value="UnicodeLittle"/>
    <property name="java.class.version" value="55.0"/>
  </properties>
  <testcase name="verifyContentInPDf" classname="com.jitu.testpack.PdfHandlingTest" time="17.067"/>
</testsuite>