<?xml version="1.0" encoding="UTF-8"?>
<!-- Generated by org.testng.reporters.JUnitReportReporter -->
<testsuite hostname="DESKTOP-6TLIKBL" failures="0" tests="1" name="com.jitu.testpack.PdfHandlingTest" time="17.897" errors="0" timestamp="2021-03-26T14:10:04 IST" skipped="0">
  <testcase classname="com.jitu.testpack.PdfHandlingTest" name="verifyContentInPDf" time="17.897"/>
  <system-out/>
</testsuite> <!-- com.jitu.testpack.PdfHandlingTest -->
