<?xml version="1.0" encoding="UTF-8"?>
<!-- Generated by org.testng.reporters.JUnitReportReporter -->
<testsuite hostname="DESKTOP-6TLIKBL" failures="0" tests="2" name="com.jitu.testpack.SignInTest" time="60.968" errors="0" timestamp="2021-03-28T16:03:04 IST" skipped="0">
  <testcase classname="com.jitu.testpack.SignInTest" name="signInTest" time="30.619"/>
  <system-out/>
  <testcase classname="com.jitu.testpack.SignInTest" name="signInTest" time="30.349"/>
  <system-out/>
</testsuite> <!-- com.jitu.testpack.SignInTest -->
