<?xml version="1.0" encoding="UTF-8"?>
<!-- Generated by org.testng.reporters.JUnitReportReporter -->
<testsuite hostname="DESKTOP-6TLIKBL" failures="0" tests="1" name="com.jitu.testpack.PdfHandlingTest" time="10.327" errors="0" timestamp="2021-03-28T16:03:04 IST" skipped="0">
  <testcase classname="com.jitu.testpack.PdfHandlingTest" name="verifyContentInPDf" time="10.327"/>
  <system-out/>
</testsuite> <!-- com.jitu.testpack.PdfHandlingTest -->
