<?xml version="1.0" encoding="UTF-8"?>
<!-- Generated by org.testng.reporters.JUnitReportReporter -->
<testsuite hostname="DESKTOP-6TLIKBL" failures="0" tests="2" name="com.jitu.testpack.SignUpTest" time="81.011" errors="0" timestamp="2021-03-26T14:04:17 IST" skipped="0">
  <testcase classname="com.jitu.testpack.SignUpTest" name="signUpTest" time="41.073"/>
  <system-out/>
  <testcase classname="com.jitu.testpack.SignUpTest" name="signUpTest" time="39.938"/>
  <system-out/>
</testsuite> <!-- com.jitu.testpack.SignUpTest -->
