<?xml version="1.0" encoding="UTF-8"?>
<!-- Generated by org.testng.reporters.JUnitReportReporter -->
<testsuite hostname="DESKTOP-6TLIKBL" failures="0" tests="2" name="com.jitu.testpack.SignUpTest" time="68.173" errors="0" timestamp="2021-03-28T16:03:04 IST" skipped="0">
  <testcase classname="com.jitu.testpack.SignUpTest" name="signUpTest" time="34.241"/>
  <system-out/>
  <testcase classname="com.jitu.testpack.SignUpTest" name="signUpTest" time="33.932"/>
  <system-out/>
</testsuite> <!-- com.jitu.testpack.SignUpTest -->
