<?xml version="1.0" encoding="UTF-8"?>
<!-- Generated by org.testng.reporters.JUnitReportReporter -->
<testsuite hostname="DESKTOP-6TLIKBL" failures="0" tests="1" name="com.jitu.testpack.MySqlConTest" time="0.743" errors="0" timestamp="2021-03-26T14:04:17 IST" skipped="0">
  <testcase classname="com.jitu.testpack.MySqlConTest" name="retrieveData" time="0.743"/>
  <system-out/>
</testsuite> <!-- com.jitu.testpack.MySqlConTest -->
